{
  "RSpec": {
    "coverage": {
      "/home/qwertypi/cuhk/course/CSCI3100/project/CSCI3100_Project_Venue_And_Equipment_Booking_SaaS/config/environment.rb": {
        "lines": [
          null,
          1,
          null,
          null,
          1
        ]
      },
      "/home/qwertypi/cuhk/course/CSCI3100/project/CSCI3100_Project_Venue_And_Equipment_Booking_SaaS/config/application.rb": {
        "lines": [
          1,
          null,
          1,
          1,
          null,
          1,
          null,
          1,
          null,
          1,
          1,
          1,
          1,
          1,
          1,
          null,
          null,
          null,
          null,
          1,
          null,
          1,
          1,
          null,
          1,
          null,
          null,
          null,
          null,
          1,
          null,
          null,
          null,
          null,
          null,
          null,
          null,
          null,
          null,
          null,
          1,
          null,
          null,
          1,
          1,
          1,
          null,
          null,
          null
        ]
      },
      "/home/qwertypi/cuhk/course/CSCI3100/project/CSCI3100_Project_Venue_And_Equipment_Booking_SaaS/config/boot.rb": {
        "lines": [
          1,
          null,
          1
        ]
      },
      "/home/qwertypi/cuhk/course/CSCI3100/project/CSCI3100_Project_Venue_And_Equipment_Booking_SaaS/lib/sendgrid_http_delivery.rb": {
        "lines": [
          null,
          null,
          1,
          1,
          null,
          null,
          null,
          null,
          1,
          1,
          null,
          1,
          0,
          0,
          null,
          null,
          1,
          0,
          0,
          null,
          0,
          0,
          0,
          0,
          0,
          null,
          0,
          0,
          0,
          0,
          null,
          0,
          0,
          null,
          0,
          0,
          0,
          null,
          null,
          1,
          null,
          1,
          0,
          0,
          null,
          0,
          0,
          0,
          0,
          0,
          null,
          0,
          0,
          null,
          null,
          0,
          null,
          null,
          null,
          null,
          null,
          0,
          0,
          0,
          0,
          null,
          null,
          0,
          null,
          null,
          null,
          1,
          0,
          null,
          0,
          null,
          0,
          null,
          null,
          null,
          1,
          0,
          0,
          0,
          0,
          0,
          null,
          null,
          null,
          1,
          0,
          0,
          null,
          0,
          0,
          0,
          0,
          null,
          null,
          1,
          0,
          0,
          0,
          0,
          null,
          0,
          0,
          0,
          null,
          0,
          null,
          null,
          0,
          0,
          null,
          null
        ]
      },
      "/home/qwertypi/cuhk/course/CSCI3100/project/CSCI3100_Project_Venue_And_Equipment_Booking_SaaS/config/environments/test.rb": {
        "lines": [
          1,
          null,
          null,
          null,
          null,
          null,
          null,
          1,
          null,
          1,
          1,
          null,
          null,
          null,
          null,
          1,
          null,
          null,
          null,
          null,
          null,
          1,
          null,
          null,
          1,
          null,
          null,
          1,
          1,
          1,
          null,
          null,
          1,
          null,
          null,
          1,
          null,
          null,
          1,
          null,
          null,
          1,
          null,
          null,
          1,
          null,
          null,
          null,
          null,
          null,
          null,
          null,
          null,
          1,
          null
        ]
      },
      "/home/qwertypi/cuhk/course/CSCI3100/project/CSCI3100_Project_Venue_And_Equipment_Booking_SaaS/config/initializers/assets.rb": {
        "lines": [
          null,
          null,
          null,
          1,
          null,
          null,
          null,
          null,
          null,
          null,
          null,
          null
        ]
      },
      "/home/qwertypi/cuhk/course/CSCI3100/project/CSCI3100_Project_Venue_And_Equipment_Booking_SaaS/config/initializers/content_security_policy.rb": {
        "lines": [
          null,
          null,
          null,
          null,
          null,
          null,
          null,
          null,
          null,
          null,
          null,
          null,
          null,
          null,
          null,
          null,
          null,
          null,
          null,
          null,
          null,
          null,
          null,
          null,
          null
        ]
      },
      "/home/qwertypi/cuhk/course/CSCI3100/project/CSCI3100_Project_Venue_And_Equipment_Booking_SaaS/config/initializers/devise.rb": {
        "lines": [
          null,
          null,
          1,
          1,
          null,
          1,
          null,
          1,
          null,
          1,
          null,
          1,
          null,
          1,
          null,
          1,
          null,
          1,
          null,
          1,
          null,
          1,
          null,
          1,
          null,
          1,
          1,
          null
        ]
      },
      "/home/qwertypi/cuhk/course/CSCI3100/project/CSCI3100_Project_Venue_And_Equipment_Booking_SaaS/config/initializers/filter_parameter_logging.rb": {
        "lines": [
          null,
          null,
          null,
          null,
          null,
          1,
          null,
          null
        ]
      },
      "/home/qwertypi/cuhk/course/CSCI3100/project/CSCI3100_Project_Venue_And_Equipment_Booking_SaaS/config/initializers/inflections.rb": {
        "lines": [
          null,
          null,
          null,
          null,
          null,
          null,
          null,
          null,
          null,
          null,
          null,
          null,
          null,
          null,
          null,
          null
        ]
      },
      "/home/qwertypi/cuhk/course/CSCI3100/project/CSCI3100_Project_Venue_And_Equipment_Booking_SaaS/config/initializers/permissions_policy.rb": {
        "lines": [
          null,
          null,
          null,
          null,
          null,
          null,
          null,
          null,
          null,
          null,
          null,
          null,
          null
        ]
      },
      "/home/qwertypi/cuhk/course/CSCI3100/project/CSCI3100_Project_Venue_And_Equipment_Booking_SaaS/config/routes.rb": {
        "lines": [
          1,
          null,
          null,
          null,
          null,
          1,
          null,
          null,
          1,
          1,
          null,
          null,
          1,
          1,
          1,
          1,
          null,
          null,
          1,
          null,
          null,
          null,
          1,
          null
        ]
      },
      "/home/qwertypi/cuhk/course/CSCI3100/project/CSCI3100_Project_Venue_And_Equipment_Booking_SaaS/app/models/user.rb": {
        "lines": [
          1,
          1,
          null,
          1,
          1,
          null,
          1,
          1,
          null,
          1,
          1,
          null,
          1,
          null,
          1,
          62,
          null,
          null,
          1,
          62,
          null,
          null,
          1,
          62,
          62,
          null,
          2,
          null,
          null
        ]
      },
      "/home/qwertypi/cuhk/course/CSCI3100/project/CSCI3100_Project_Venue_And_Equipment_Booking_SaaS/app/models/application_record.rb": {
        "lines": [
          1,
          1,
          null
        ]
      },
      "/home/qwertypi/cuhk/course/CSCI3100/project/CSCI3100_Project_Venue_And_Equipment_Booking_SaaS/app/helpers/application_helper.rb": {
        "lines": [
          1,
          null
        ]
      },
      "/home/qwertypi/cuhk/course/CSCI3100/project/CSCI3100_Project_Venue_And_Equipment_Booking_SaaS/spec/shared_context.rb": {
        "lines": [
          1,
          1,
          null,
          null,
          1,
          5,
          11,
          null,
          null,
          5,
          null,
          16,
          null,
          null,
          null,
          null,
          null,
          5,
          null,
          14,
          null,
          null,
          null,
          null,
          null,
          null,
          5,
          null,
          13,
          null,
          null,
          null,
          null,
          null,
          null,
          5,
          null,
          3,
          null,
          null,
          null,
          null,
          null,
          null,
          null,
          null,
          null,
          null,
          null,
          null,
          null,
          null,
          null,
          null,
          null,
          null,
          null,
          null,
          null,
          null,
          null,
          null,
          null,
          null,
          null,
          null,
          null,
          null,
          null,
          1,
          1,
          null
        ]
      },
      "/home/qwertypi/cuhk/course/CSCI3100/project/CSCI3100_Project_Venue_And_Equipment_Booking_SaaS/spec/models/booking_spec.rb": {
        "lines": [
          1,
          1,
          null,
          1,
          1,
          null,
          1,
          7,
          null,
          null,
          null,
          null,
          1,
          1,
          1,
          1,
          1,
          null,
          null,
          null,
          1,
          1,
          1,
          1,
          1,
          null,
          1,
          1,
          1,
          null,
          null,
          null,
          1,
          1,
          1,
          1,
          1,
          null,
          null,
          null,
          1,
          1,
          1,
          1,
          1,
          null,
          null,
          null,
          1,
          1,
          null,
          1,
          null,
          null,
          null,
          null,
          null,
          null,
          null,
          null,
          null,
          null,
          null,
          null,
          null,
          null,
          null,
          null,
          null,
          null,
          null,
          null,
          null,
          1,
          1,
          1,
          null,
          null,
          null,
          1,
          1,
          1,
          1,
          1,
          null,
          1,
          1,
          1,
          null,
          null,
          null,
          1,
          1,
          1,
          1,
          1,
          1,
          null,
          null,
          null,
          1,
          1,
          1,
          1,
          1,
          1,
          null,
          null,
          null
        ]
      },
      "/home/qwertypi/cuhk/course/CSCI3100/project/CSCI3100_Project_Venue_And_Equipment_Booking_SaaS/app/models/booking.rb": {
        "lines": [
          1,
          1,
          1,
          null,
          1,
          1,
          1,
          1,
          1,
          1,
          null,
          1,
          null,
          1,
          null,
          1,
          28,
          26,
          null,
          2,
          null,
          null,
          1,
          28,
          26,
          24,
          null,
          1,
          null,
          null,
          1,
          28,
          26,
          null,
          24,
          null,
          null,
          null,
          24,
          null,
          null,
          null,
          24,
          24,
          null,
          1,
          null,
          null,
          1,
          26,
          24,
          2,
          2,
          null,
          null,
          1,
          28,
          27,
          25,
          23,
          null,
          2,
          null,
          null
        ]
      },
      "/home/qwertypi/cuhk/course/CSCI3100/project/CSCI3100_Project_Venue_And_Equipment_Booking_SaaS/spec/models/user_spec.rb": {
        "lines": [
          1,
          1,
          null,
          1,
          5,
          null,
          null,
          null,
          null,
          null,
          null,
          null,
          null,
          1,
          1,
          null,
          1,
          1,
          1,
          1,
          null,
          null,
          null,
          1,
          1,
          1,
          1,
          1,
          null,
          1,
          1,
          null,
          1,
          1,
          null,
          1,
          1,
          null,
          null,
          null
        ]
      },
      "/home/qwertypi/cuhk/course/CSCI3100/project/CSCI3100_Project_Venue_And_Equipment_Booking_SaaS/spec/requests/admin_approval_spec.rb": {
        "lines": [
          1,
          1,
          1,
          null,
          1,
          1,
          null,
          null,
          1,
          1,
          1,
          1,
          null,
          1,
          1,
          1,
          null,
          null,
          1,
          1,
          null,
          null,
          1,
          1,
          null,
          1,
          null,
          1,
          1,
          null,
          null,
          null,
          1,
          1,
          null,
          1,
          1,
          1,
          null,
          null,
          1,
          1,
          null,
          null,
          1,
          1,
          null,
          1,
          null,
          1,
          1,
          null,
          null,
          null
        ]
      },
      "/home/qwertypi/cuhk/course/CSCI3100/project/CSCI3100_Project_Venue_And_Equipment_Booking_SaaS/spec/requests/admin_auths_spec.rb": {
        "lines": [
          1,
          1,
          1,
          null,
          1,
          1,
          null,
          null,
          1,
          1,
          1,
          1,
          1,
          1,
          1,
          1,
          null,
          null,
          1,
          1,
          1,
          1,
          1,
          1,
          null,
          null
        ]
      },
      "/home/qwertypi/cuhk/course/CSCI3100/project/CSCI3100_Project_Venue_And_Equipment_Booking_SaaS/app/models/resource.rb": {
        "lines": [
          1,
          1,
          1,
          null,
          1,
          null
        ]
      },
      "/home/qwertypi/cuhk/course/CSCI3100/project/CSCI3100_Project_Venue_And_Equipment_Booking_SaaS/app/models/department.rb": {
        "lines": [
          1,
          1,
          1,
          1,
          null,
          1,
          null
        ]
      },
      "/home/qwertypi/cuhk/course/CSCI3100/project/CSCI3100_Project_Venue_And_Equipment_Booking_SaaS/app/controllers/bookings_controller.rb": {
        "lines": [
          1,
          1,
          3,
          null,
          null,
          1,
          2,
          2,
          null,
          null,
          1,
          2,
          2,
          null,
          null,
          null,
          2,
          null,
          1,
          1,
          null,
          1,
          0,
          null,
          null,
          null,
          1,
          null,
          null,
          null,
          null,
          1,
          null,
          null,
          null,
          null,
          null,
          0,
          null,
          null,
          0,
          null,
          null,
          null,
          1,
          null,
          1,
          null,
          null,
          null,
          1,
          null,
          1,
          2,
          null,
          null
        ]
      },
      "/home/qwertypi/cuhk/course/CSCI3100/project/CSCI3100_Project_Venue_And_Equipment_Booking_SaaS/app/controllers/application_controller.rb": {
        "lines": [
          1,
          1,
          null,
          1,
          1,
          null,
          1,
          null,
          1,
          0,
          0,
          0,
          null,
          null,
          1,
          0,
          null,
          null
        ]
      },
      "/home/qwertypi/cuhk/course/CSCI3100/project/CSCI3100_Project_Venue_And_Equipment_Booking_SaaS/app/mailers/admin_mailer.rb": {
        "lines": [
          1,
          null,
          1,
          2,
          2,
          2,
          null,
          0,
          null,
          null,
          1,
          1,
          1,
          1,
          1,
          0,
          null,
          null,
          1,
          null,
          null,
          null,
          null,
          null
        ]
      },
      "/home/qwertypi/cuhk/course/CSCI3100/project/CSCI3100_Project_Venue_And_Equipment_Booking_SaaS/app/mailers/application_mailer.rb": {
        "lines": [
          1,
          1,
          1,
          null
        ]
      },
      "/home/qwertypi/cuhk/course/CSCI3100/project/CSCI3100_Project_Venue_And_Equipment_Booking_SaaS/app/controllers/admin/bookings_controller.rb": {
        "lines": [
          1,
          1,
          null,
          1,
          null,
          5,
          null,
          null,
          null,
          null,
          null,
          null,
          null,
          5,
          5,
          5,
          null,
          null,
          null,
          null,
          null,
          null,
          null,
          null,
          5,
          5,
          null,
          null,
          5,
          5,
          null,
          null,
          5,
          5,
          null,
          null,
          null,
          1,
          2,
          null,
          2,
          2,
          2,
          null,
          2,
          null,
          null,
          1,
          null,
          null,
          null,
          null,
          null,
          null,
          null,
          null,
          null,
          2,
          null,
          2,
          null,
          null,
          null,
          2,
          null,
          null,
          null,
          null,
          null,
          null,
          0,
          null,
          null,
          2,
          null,
          null,
          1,
          null,
          1,
          8,
          null,
          null,
          1,
          15,
          15,
          15,
          null,
          15,
          15,
          15,
          null,
          null,
          1,
          5,
          null,
          null,
          null,
          null,
          null,
          13,
          null,
          null,
          1,
          null,
          5,
          null,
          null,
          null,
          13,
          5,
          null,
          null,
          10,
          null,
          null,
          1,
          null,
          5,
          null,
          null,
          null,
          null,
          9,
          null,
          null,
          null,
          null
        ]
      },
      "/home/qwertypi/cuhk/course/CSCI3100/project/CSCI3100_Project_Venue_And_Equipment_Booking_SaaS/app/mailers/user_mailer.rb": {
        "lines": [
          1,
          1,
          2,
          2,
          2,
          null,
          2,
          null,
          null,
          null,
          null,
          null
        ]
      },
      "/home/qwertypi/cuhk/course/CSCI3100/project/CSCI3100_Project_Venue_And_Equipment_Booking_SaaS/app/controllers/home_controller.rb": {
        "lines": [
          null,
          1,
          1,
          null,
          1,
          1,
          null,
          1,
          null,
          1,
          0,
          null,
          null,
          null,
          1,
          0,
          null,
          null,
          null,
          1,
          0,
          null,
          null,
          null,
          1,
          0,
          null,
          1,
          0,
          null,
          null,
          null,
          null
        ]
      }
    },
    "timestamp": 1776011036
  }
}
